# JRE version: Java(TM) SE Runtime Environment (8.0_91-b15) (build 1.8.0_91-b15)
# Java VM: Java HotSpot(TM) 64-Bit Server VM (25.91-b15 mixed mode windows-amd64 compressed oops)
Heap:
 PSYoungGen      total 441856K, used 203008K [0x00000000e0000000, 0x0000000100000000, 0x0000000100000000)
  eden space 375808K, 37% used [0x00000000e0000000,0x00000000e8ae5a40,0x00000000f6f00000)
  from space 66048K, 92% used [0x00000000fbf80000,0x00000000ffada940,0x0000000100000000)
  to   space 74240K, 0% used [0x00000000f6f00000,0x00000000f6f00000,0x00000000fb780000)
 ParOldGen       total 248320K, used 132185K [0x00000000a0000000, 0x00000000af280000, 0x00000000e0000000)
  object space 248320K, 53% used [0x00000000a0000000,0x00000000a81167a8,0x00000000af280000)
 Metaspace       used 87936K, capacity 92042K, committed 92288K, reserved 1128448K
  class space    used 11731K, capacity 12588K, committed 12672K, reserved 1048576K
GC Heap History (10 events):
Event: 11.501 GC heap before
{Heap before GC invocations=15 (full 3):
 PSYoungGen      total 291328K, used 291301K [0x00000000e0000000, 0x00000000f7000000, 0x0000000100000000)
  eden space 265728K, 100% used [0x00000000e0000000,0x00000000f0380000,0x00000000f0380000)
  from space 25600K, 99% used [0x00000000f0380000,0x00000000f1c79670,0x00000000f1c80000)
  to   space 32768K, 0% used [0x00000000f5000000,0x00000000f5000000,0x00000000f7000000)
 ParOldGen       total 248320K, used 47402K [0x00000000a0000000, 0x00000000af280000, 0x00000000e0000000)
  object space 248320K, 19% used [0x00000000a0000000,0x00000000a2e4ab10,0x00000000af280000)
 Metaspace       used 74676K, capacity 77784K, committed 77952K, reserved 1116160K
  class space    used 10391K, capacity 11093K, committed 11136K, reserved 1048576K
Event: 11.518 GC heap after
Heap after GC invocations=15 (full 3):
 PSYoungGen      total 338432K, used 32758K [0x00000000e0000000, 0x00000000f8780000, 0x0000000100000000)
  eden space 305664K, 0% used [0x00000000e0000000,0x00000000e0000000,0x00000000f2a80000)
  from space 32768K, 99% used [0x00000000f5000000,0x00000000f6ffdbd0,0x00000000f7000000)
  to   space 38400K, 0% used [0x00000000f2a80000,0x00000000f2a80000,0x00000000f5000000)
 ParOldGen       total 248320K, used 50572K [0x00000000a0000000, 0x00000000af280000, 0x00000000e0000000)
  object space 248320K, 20% used [0x00000000a0000000,0x00000000a31631e8,0x00000000af280000)
 Metaspace       used 74676K, capacity 77784K, committed 77952K, reserved 1116160K
  class space    used 10391K, capacity 11093K, committed 11136K, reserved 1048576K
}
Event: 371.477 GC heap before
{Heap before GC invocations=16 (full 3):
 PSYoungGen      total 338432K, used 338422K [0x00000000e0000000, 0x00000000f8780000, 0x0000000100000000)
  eden space 305664K, 100% used [0x00000000e0000000,0x00000000f2a80000,0x00000000f2a80000)
  from space 32768K, 99% used [0x00000000f5000000,0x00000000f6ffdbd0,0x00000000f7000000)
  to   space 38400K, 0% used [0x00000000f2a80000,0x00000000f2a80000,0x00000000f5000000)
 ParOldGen       total 248320K, used 50572K [0x00000000a0000000, 0x00000000af280000, 0x00000000e0000000)
  object space 248320K, 20% used [0x00000000a0000000,0x00000000a31631e8,0x00000000af280000)
 Metaspace       used 81967K, capacity 85480K, committed 85632K, reserved 1122304K
  class space    used 11069K, capacity 11819K, committed 11904K, reserved 1048576K
Event: 371.513 GC heap after
Heap after GC invocations=16 (full 3):
 PSYoungGen      total 344064K, used 38376K [0x00000000e0000000, 0x00000000fc680000, 0x0000000100000000)
  eden space 305664K, 0% used [0x00000000e0000000,0x00000000e0000000,0x00000000f2a80000)
  from space 38400K, 99% used [0x00000000f2a80000,0x00000000f4ffa0a0,0x00000000f5000000)
  to   space 52224K, 0% used [0x00000000f9380000,0x00000000f9380000,0x00000000fc680000)
 ParOldGen       total 248320K, used 72820K [0x00000000a0000000, 0x00000000af280000, 0x00000000e0000000)
  object space 248320K, 29% used [0x00000000a0000000,0x00000000a471d1c8,0x00000000af280000)
 Metaspace       used 81967K, capacity 85480K, committed 85632K, reserved 1122304K
  class space    used 11069K, capacity 11819K, committed 11904K, reserved 1048576K
}
Event: 373.151 GC heap before
{Heap before GC invocations=17 (full 3):
 PSYoungGen      total 344064K, used 343871K [0x00000000e0000000, 0x00000000fc680000, 0x0000000100000000)
  eden space 305664K, 99% used [0x00000000e0000000,0x00000000f2a55c98,0x00000000f2a80000)
  from space 38400K, 99% used [0x00000000f2a80000,0x00000000f4ffa0a0,0x00000000f5000000)
  to   space 52224K, 0% used [0x00000000f9380000,0x00000000f9380000,0x00000000fc680000)
 ParOldGen       total 248320K, used 72820K [0x00000000a0000000, 0x00000000af280000, 0x00000000e0000000)
  object space 248320K, 29% used [0x00000000a0000000,0x00000000a471d1c8,0x00000000af280000)
 Metaspace       used 82545K, capacity 86202K, committed 86400K, reserved 1124352K
  class space    used 11108K, capacity 11854K, committed 11904K, reserved 1048576K
Event: 373.190 GC heap after
Heap after GC invocations=17 (full 3):
 PSYoungGen      total 396288K, used 52223K [0x00000000e0000000, 0x00000000fe980000, 0x0000000100000000)
  eden space 344064K, 0% used [0x00000000e0000000,0x00000000e0000000,0x00000000f5000000)
  from space 52224K, 99% used [0x00000000f9380000,0x00000000fc67fd20,0x00000000fc680000)
  to   space 69120K, 0% used [0x00000000f5000000,0x00000000f5000000,0x00000000f9380000)
 ParOldGen       total 248320K, used 96888K [0x00000000a0000000, 0x00000000af280000, 0x00000000e0000000)
  object space 248320K, 39% used [0x00000000a0000000,0x00000000a5e9e258,0x00000000af280000)
 Metaspace       used 82545K, capacity 86202K, committed 86400K, reserved 1124352K
  class space    used 11108K, capacity 11854K, committed 11904K, reserved 1048576K
}
Event: 459.582 GC heap before
{Heap before GC invocations=18 (full 3):
 PSYoungGen      total 396288K, used 396287K [0x00000000e0000000, 0x00000000fe980000, 0x0000000100000000)
  eden space 344064K, 100% used [0x00000000e0000000,0x00000000f5000000,0x00000000f5000000)
  from space 52224K, 99% used [0x00000000f9380000,0x00000000fc67fd20,0x00000000fc680000)
  to   space 69120K, 0% used [0x00000000f5000000,0x00000000f5000000,0x00000000f9380000)
 ParOldGen       total 248320K, used 96888K [0x00000000a0000000, 0x00000000af280000, 0x00000000e0000000)
  object space 248320K, 39% used [0x00000000a0000000,0x00000000a5e9e258,0x00000000af280000)
 Metaspace       used 87572K, capacity 91558K, committed 91776K, reserved 1128448K
  class space    used 11710K, capacity 12562K, committed 12672K, reserved 1048576K
Event: 459.606 GC heap after
Heap after GC invocations=18 (full 3):
 PSYoungGen      total 413184K, used 23118K [0x00000000e0000000, 0x0000000100000000, 0x0000000100000000)
  eden space 344064K, 0% used [0x00000000e0000000,0x00000000e0000000,0x00000000f5000000)
  from space 69120K, 33% used [0x00000000f5000000,0x00000000f6693848,0x00000000f9380000)
  to   space 66048K, 0% used [0x00000000fbf80000,0x00000000fbf80000,0x0000000100000000)
 ParOldGen       total 248320K, used 132177K [0x00000000a0000000, 0x00000000af280000, 0x00000000e0000000)
  object space 248320K, 53% used [0x00000000a0000000,0x00000000a81147a8,0x00000000af280000)
 Metaspace       used 87572K, capacity 91558K, committed 91776K, reserved 1128448K
  class space    used 11710K, capacity 12562K, committed 12672K, reserved 1048576K
}
Event: 460.989 GC heap before
{Heap before GC invocations=19 (full 3):
 PSYoungGen      total 413184K, used 367182K [0x00000000e0000000, 0x0000000100000000, 0x0000000100000000)
  eden space 344064K, 100% used [0x00000000e0000000,0x00000000f5000000,0x00000000f5000000)
  from space 69120K, 33% used [0x00000000f5000000,0x00000000f6693848,0x00000000f9380000)
  to   space 66048K, 0% used [0x00000000fbf80000,0x00000000fbf80000,0x0000000100000000)
 ParOldGen       total 248320K, used 132177K [0x00000000a0000000, 0x00000000af280000, 0x00000000e0000000)
  object space 248320K, 53% used [0x00000000a0000000,0x00000000a81147a8,0x00000000af280000)
 Metaspace       used 87775K, capacity 91832K, committed 92032K, reserved 1128448K
  class space    used 11718K, capacity 12575K, committed 12672K, reserved 1048576K
Event: 461.014 GC heap after
Heap after GC invocations=19 (full 3):
 PSYoungGen      total 441856K, used 60778K [0x00000000e0000000, 0x0000000100000000, 0x0000000100000000)
  eden space 375808K, 0% used [0x00000000e0000000,0x00000000e0000000,0x00000000f6f00000)
  from space 66048K, 92% used [0x00000000fbf80000,0x00000000ffada940,0x0000000100000000)
  to   space 74240K, 0% used [0x00000000f6f00000,0x00000000f6f00000,0x00000000fb780000)
 ParOldGen       total 248320K, used 132185K [0x00000000a0000000, 0x00000000af280000, 0x00000000e0000000)
  object space 248320K, 53% used [0x00000000a0000000,0x00000000a81167a8,0x00000000af280000)
 Metaspace       used 87775K, capacity 91832K, committed 92032K, reserved 1128448K
  class space    used 11718K, capacity 12575K, committed 12672K, reserved 1048576K
}

