# JRE version: Java(TM) SE Runtime Environment (8.0_91-b15) (build 1.8.0_91-b15)
# Java VM: Java HotSpot(TM) 64-Bit Server VM (25.91-b15 mixed mode windows-amd64 compressed oops)
Heap:
 PSYoungGen      total 439808K, used 21953K [0x00000000e0000000, 0x00000000ff580000, 0x0000000100000000)
  eden space 363520K, 0% used [0x00000000e0000000,0x00000000e0000000,0x00000000f6300000)
  from space 76288K, 28% used [0x00000000fab00000,0x00000000fc070778,0x00000000ff580000)
  to   space 73728K, 0% used [0x00000000f6300000,0x00000000f6300000,0x00000000fab00000)
 ParOldGen       total 349184K, used 326641K [0x00000000a0000000, 0x00000000b5500000, 0x00000000e0000000)
  object space 349184K, 93% used [0x00000000a0000000,0x00000000b3efc7e0,0x00000000b5500000)
 Metaspace       used 118209K, capacity 124488K, committed 124760K, reserved 1157120K
  class space    used 15437K, capacity 16739K, committed 16768K, reserved 1048576K
GC Heap History (10 events):
Event: 43.232 GC heap after
Heap after GC invocations=36 (full 4):
 PSYoungGen      total 423424K, used 17830K [0x00000000e0000000, 0x00000000ff380000, 0x0000000100000000)
  eden space 332800K, 0% used [0x00000000e0000000,0x00000000e0000000,0x00000000f4500000)
  from space 90624K, 19% used [0x00000000f9b00000,0x00000000fac69a00,0x00000000ff380000)
  to   space 88064K, 0% used [0x00000000f4500000,0x00000000f4500000,0x00000000f9b00000)
 ParOldGen       total 349184K, used 262373K [0x00000000a0000000, 0x00000000b5500000, 0x00000000e0000000)
  object space 349184K, 75% used [0x00000000a0000000,0x00000000b00397c8,0x00000000b5500000)
 Metaspace       used 118154K, capacity 124414K, committed 124504K, reserved 1157120K
  class space    used 15436K, capacity 16738K, committed 16768K, reserved 1048576K
}
Event: 43.469 GC heap before
{Heap before GC invocations=37 (full 4):
 PSYoungGen      total 423424K, used 350630K [0x00000000e0000000, 0x00000000ff380000, 0x0000000100000000)
  eden space 332800K, 100% used [0x00000000e0000000,0x00000000f4500000,0x00000000f4500000)
  from space 90624K, 19% used [0x00000000f9b00000,0x00000000fac69a00,0x00000000ff380000)
  to   space 88064K, 0% used [0x00000000f4500000,0x00000000f4500000,0x00000000f9b00000)
 ParOldGen       total 349184K, used 262373K [0x00000000a0000000, 0x00000000b5500000, 0x00000000e0000000)
  object space 349184K, 75% used [0x00000000a0000000,0x00000000b00397c8,0x00000000b5500000)
 Metaspace       used 118170K, capacity 124416K, committed 124504K, reserved 1157120K
  class space    used 15437K, capacity 16739K, committed 16768K, reserved 1048576K
Event: 43.485 GC heap after
Heap after GC invocations=37 (full 4):
 PSYoungGen      total 420864K, used 17929K [0x00000000e0000000, 0x00000000ff680000, 0x0000000100000000)
  eden space 332800K, 0% used [0x00000000e0000000,0x00000000e0000000,0x00000000f4500000)
  from space 88064K, 20% used [0x00000000f4500000,0x00000000f5682408,0x00000000f9b00000)
  to   space 84480K, 0% used [0x00000000fa400000,0x00000000fa400000,0x00000000ff680000)
 ParOldGen       total 349184K, used 273386K [0x00000000a0000000, 0x00000000b5500000, 0x00000000e0000000)
  object space 349184K, 78% used [0x00000000a0000000,0x00000000b0afaa80,0x00000000b5500000)
 Metaspace       used 118170K, capacity 124416K, committed 124504K, reserved 1157120K
  class space    used 15437K, capacity 16739K, committed 16768K, reserved 1048576K
}
Event: 43.737 GC heap before
{Heap before GC invocations=38 (full 4):
 PSYoungGen      total 420864K, used 350729K [0x00000000e0000000, 0x00000000ff680000, 0x0000000100000000)
  eden space 332800K, 100% used [0x00000000e0000000,0x00000000f4500000,0x00000000f4500000)
  from space 88064K, 20% used [0x00000000f4500000,0x00000000f5682408,0x00000000f9b00000)
  to   space 84480K, 0% used [0x00000000fa400000,0x00000000fa400000,0x00000000ff680000)
 ParOldGen       total 349184K, used 273386K [0x00000000a0000000, 0x00000000b5500000, 0x00000000e0000000)
  object space 349184K, 78% used [0x00000000a0000000,0x00000000b0afaa80,0x00000000b5500000)
 Metaspace       used 118178K, capacity 124420K, committed 124504K, reserved 1157120K
  class space    used 15437K, capacity 16739K, committed 16768K, reserved 1048576K
Event: 43.750 GC heap after
Heap after GC invocations=38 (full 4):
 PSYoungGen      total 432640K, used 15966K [0x00000000e0000000, 0x00000000ff580000, 0x0000000100000000)
  eden space 349184K, 0% used [0x00000000e0000000,0x00000000e0000000,0x00000000f5500000)
  from space 83456K, 19% used [0x00000000fa400000,0x00000000fb397ba0,0x00000000ff580000)
  to   space 80896K, 0% used [0x00000000f5500000,0x00000000f5500000,0x00000000fa400000)
 ParOldGen       total 349184K, used 284772K [0x00000000a0000000, 0x00000000b5500000, 0x00000000e0000000)
  object space 349184K, 81% used [0x00000000a0000000,0x00000000b16192a8,0x00000000b5500000)
 Metaspace       used 118178K, capacity 124420K, committed 124504K, reserved 1157120K
  class space    used 15437K, capacity 16739K, committed 16768K, reserved 1048576K
}
Event: 44.021 GC heap before
{Heap before GC invocations=39 (full 4):
 PSYoungGen      total 432640K, used 365150K [0x00000000e0000000, 0x00000000ff580000, 0x0000000100000000)
  eden space 349184K, 100% used [0x00000000e0000000,0x00000000f5500000,0x00000000f5500000)
  from space 83456K, 19% used [0x00000000fa400000,0x00000000fb397ba0,0x00000000ff580000)
  to   space 80896K, 0% used [0x00000000f5500000,0x00000000f5500000,0x00000000fa400000)
 ParOldGen       total 349184K, used 284772K [0x00000000a0000000, 0x00000000b5500000, 0x00000000e0000000)
  object space 349184K, 81% used [0x00000000a0000000,0x00000000b16192a8,0x00000000b5500000)
 Metaspace       used 118192K, capacity 124424K, committed 124504K, reserved 1157120K
  class space    used 15437K, capacity 16739K, committed 16768K, reserved 1048576K
Event: 44.047 GC heap after
Heap after GC invocations=39 (full 4):
 PSYoungGen      total 430080K, used 32396K [0x00000000e0000000, 0x00000000ff680000, 0x0000000100000000)
  eden space 349184K, 0% used [0x00000000e0000000,0x00000000e0000000,0x00000000f5500000)
  from space 80896K, 40% used [0x00000000f5500000,0x00000000f74a3058,0x00000000fa400000)
  to   space 77312K, 0% used [0x00000000fab00000,0x00000000fab00000,0x00000000ff680000)
 ParOldGen       total 349184K, used 297558K [0x00000000a0000000, 0x00000000b5500000, 0x00000000e0000000)
  object space 349184K, 85% used [0x00000000a0000000,0x00000000b2295b30,0x00000000b5500000)
 Metaspace       used 118192K, capacity 124424K, committed 124504K, reserved 1157120K
  class space    used 15437K, capacity 16739K, committed 16768K, reserved 1048576K
}
Event: 44.284 GC heap before
{Heap before GC invocations=40 (full 4):
 PSYoungGen      total 430080K, used 381580K [0x00000000e0000000, 0x00000000ff680000, 0x0000000100000000)
  eden space 349184K, 100% used [0x00000000e0000000,0x00000000f5500000,0x00000000f5500000)
  from space 80896K, 40% used [0x00000000f5500000,0x00000000f74a3058,0x00000000fa400000)
  to   space 77312K, 0% used [0x00000000fab00000,0x00000000fab00000,0x00000000ff680000)
 ParOldGen       total 349184K, used 297558K [0x00000000a0000000, 0x00000000b5500000, 0x00000000e0000000)
  object space 349184K, 85% used [0x00000000a0000000,0x00000000b2295b30,0x00000000b5500000)
 Metaspace       used 118209K, capacity 124488K, committed 124760K, reserved 1157120K
  class space    used 15437K, capacity 16739K, committed 16768K, reserved 1048576K
Event: 44.311 GC heap after
Heap after GC invocations=40 (full 4):
 PSYoungGen      total 439808K, used 21953K [0x00000000e0000000, 0x00000000ff580000, 0x0000000100000000)
  eden space 363520K, 0% used [0x00000000e0000000,0x00000000e0000000,0x00000000f6300000)
  from space 76288K, 28% used [0x00000000fab00000,0x00000000fc070778,0x00000000ff580000)
  to   space 73728K, 0% used [0x00000000f6300000,0x00000000f6300000,0x00000000fab00000)
 ParOldGen       total 349184K, used 326641K [0x00000000a0000000, 0x00000000b5500000, 0x00000000e0000000)
  object space 349184K, 93% used [0x00000000a0000000,0x00000000b3efc7e0,0x00000000b5500000)
 Metaspace       used 118209K, capacity 124488K, committed 124760K, reserved 1157120K
  class space    used 15437K, capacity 16739K, committed 16768K, reserved 1048576K
}
Event: 44.311 GC heap before
{Heap before GC invocations=41 (full 5):
 PSYoungGen      total 439808K, used 21953K [0x00000000e0000000, 0x00000000ff580000, 0x0000000100000000)
  eden space 363520K, 0% used [0x00000000e0000000,0x00000000e0000000,0x00000000f6300000)
  from space 76288K, 28% used [0x00000000fab00000,0x00000000fc070778,0x00000000ff580000)
  to   space 73728K, 0% used [0x00000000f6300000,0x00000000f6300000,0x00000000fab00000)
 ParOldGen       total 349184K, used 326641K [0x00000000a0000000, 0x00000000b5500000, 0x00000000e0000000)
  object space 349184K, 93% used [0x00000000a0000000,0x00000000b3efc7e0,0x00000000b5500000)
 Metaspace       used 118209K, capacity 124488K, committed 124760K, reserved 1157120K
  class space    used 15437K, capacity 16739K, committed 16768K, reserved 1048576K

