# JRE version: Java(TM) SE Runtime Environment (8.0_131-b11) (build 1.8.0_131-b11)
# Java VM: Java HotSpot(TM) 64-Bit Server VM (25.131-b11 mixed mode windows-amd64 compressed oops)
Heap:
 PSYoungGen      total 383488K, used 293465K [0x00000000e0000000, 0x00000000ff080000, 0x0000000100000000)
  eden space 257024K, 100% used [0x00000000e0000000,0x00000000efb00000,0x00000000efb00000)
  from space 126464K, 28% used [0x00000000efb00000,0x00000000f1e96748,0x00000000f7680000)
  to   space 117760K, 40% used [0x00000000f7d80000,0x00000000fabde010,0x00000000ff080000)
 ParOldGen       total 497152K, used 449386K [0x00000000a0000000, 0x00000000be580000, 0x00000000e0000000)
  object space 497152K, 90% used [0x00000000a0000000,0x00000000bb6da880,0x00000000be580000)
 Metaspace       used 323144K, capacity 339260K, committed 339300K, reserved 1345536K
  class space    used 40789K, capacity 44120K, committed 44132K, reserved 1048576K
GC Heap History (10 events):
Event: 615.973 GC heap after
Heap after GC invocations=110 (full 7):
 PSYoungGen      total 357376K, used 66344K [0x00000000e0000000, 0x00000000ffb00000, 0x0000000100000000)
  eden space 215040K, 0% used [0x00000000e0000000,0x00000000e0000000,0x00000000ed200000)
  from space 142336K, 46% used [0x00000000ed200000,0x00000000f12ca368,0x00000000f5d00000)
  to   space 140800K, 0% used [0x00000000f7180000,0x00000000f7180000,0x00000000ffb00000)
 ParOldGen       total 497152K, used 448034K [0x00000000a0000000, 0x00000000be580000, 0x00000000e0000000)
  object space 497152K, 90% used [0x00000000a0000000,0x00000000bb588a78,0x00000000be580000)
 Metaspace       used 317264K, capacity 332602K, committed 332900K, reserved 1339392K
  class space    used 40157K, capacity 43305K, committed 43364K, reserved 1048576K
}
Event: 616.573 GC heap before
{Heap before GC invocations=111 (full 7):
 PSYoungGen      total 357376K, used 280651K [0x00000000e0000000, 0x00000000ffb00000, 0x0000000100000000)
  eden space 215040K, 99% used [0x00000000e0000000,0x00000000ed148ae8,0x00000000ed200000)
  from space 142336K, 46% used [0x00000000ed200000,0x00000000f12ca368,0x00000000f5d00000)
  to   space 140800K, 0% used [0x00000000f7180000,0x00000000f7180000,0x00000000ffb00000)
 ParOldGen       total 497152K, used 448034K [0x00000000a0000000, 0x00000000be580000, 0x00000000e0000000)
  object space 497152K, 90% used [0x00000000a0000000,0x00000000bb588a78,0x00000000be580000)
 Metaspace       used 317633K, capacity 333018K, committed 333284K, reserved 1339392K
  class space    used 40221K, capacity 43379K, committed 43492K, reserved 1048576K
Event: 616.581 GC heap after
Heap after GC invocations=111 (full 7):
 PSYoungGen      total 374272K, used 16763K [0x00000000e0000000, 0x00000000ff480000, 0x0000000100000000)
  eden space 240128K, 0% used [0x00000000e0000000,0x00000000e0000000,0x00000000eea80000)
  from space 134144K, 12% used [0x00000000f7180000,0x00000000f81decd8,0x00000000ff480000)
  to   space 136192K, 0% used [0x00000000eea80000,0x00000000eea80000,0x00000000f6f80000)
 ParOldGen       total 497152K, used 448338K [0x00000000a0000000, 0x00000000be580000, 0x00000000e0000000)
  object space 497152K, 90% used [0x00000000a0000000,0x00000000bb5d4ab8,0x00000000be580000)
 Metaspace       used 317633K, capacity 333018K, committed 333284K, reserved 1339392K
  class space    used 40221K, capacity 43379K, committed 43492K, reserved 1048576K
}
Event: 619.148 GC heap before
{Heap before GC invocations=112 (full 7):
 PSYoungGen      total 374272K, used 256891K [0x00000000e0000000, 0x00000000ff480000, 0x0000000100000000)
  eden space 240128K, 100% used [0x00000000e0000000,0x00000000eea80000,0x00000000eea80000)
  from space 134144K, 12% used [0x00000000f7180000,0x00000000f81decd8,0x00000000ff480000)
  to   space 136192K, 0% used [0x00000000eea80000,0x00000000eea80000,0x00000000f6f80000)
 ParOldGen       total 497152K, used 448338K [0x00000000a0000000, 0x00000000be580000, 0x00000000e0000000)
  object space 497152K, 90% used [0x00000000a0000000,0x00000000bb5d4ab8,0x00000000be580000)
 Metaspace       used 318426K, capacity 333890K, committed 334180K, reserved 1339392K
  class space    used 40324K, capacity 43501K, committed 43620K, reserved 1048576K
Event: 619.157 GC heap after
Heap after GC invocations=112 (full 7):
 PSYoungGen      total 376320K, used 19087K [0x00000000e0000000, 0x00000000ff800000, 0x0000000100000000)
  eden space 240128K, 0% used [0x00000000e0000000,0x00000000e0000000,0x00000000eea80000)
  from space 136192K, 14% used [0x00000000eea80000,0x00000000efd23d60,0x00000000f6f80000)
  to   space 131072K, 0% used [0x00000000f7800000,0x00000000f7800000,0x00000000ff800000)
 ParOldGen       total 497152K, used 448602K [0x00000000a0000000, 0x00000000be580000, 0x00000000e0000000)
  object space 497152K, 90% used [0x00000000a0000000,0x00000000bb616b38,0x00000000be580000)
 Metaspace       used 318426K, capacity 333890K, committed 334180K, reserved 1339392K
  class space    used 40324K, capacity 43501K, committed 43620K, reserved 1048576K
}
Event: 622.123 GC heap before
{Heap before GC invocations=113 (full 7):
 PSYoungGen      total 376320K, used 259215K [0x00000000e0000000, 0x00000000ff800000, 0x0000000100000000)
  eden space 240128K, 100% used [0x00000000e0000000,0x00000000eea80000,0x00000000eea80000)
  from space 136192K, 14% used [0x00000000eea80000,0x00000000efd23d60,0x00000000f6f80000)
  to   space 131072K, 0% used [0x00000000f7800000,0x00000000f7800000,0x00000000ff800000)
 ParOldGen       total 497152K, used 448602K [0x00000000a0000000, 0x00000000be580000, 0x00000000e0000000)
  object space 497152K, 90% used [0x00000000a0000000,0x00000000bb616b38,0x00000000be580000)
 Metaspace       used 320928K, capacity 336838K, committed 336996K, reserved 1343488K
  class space    used 40526K, capacity 43784K, committed 43876K, reserved 1048576K
Event: 622.139 GC heap after
Heap after GC invocations=113 (full 7):
 PSYoungGen      total 381952K, used 14599K [0x00000000e0000000, 0x00000000ff200000, 0x0000000100000000)
  eden space 257024K, 0% used [0x00000000e0000000,0x00000000e0000000,0x00000000efb00000)
  from space 124928K, 11% used [0x00000000f7800000,0x00000000f8641d40,0x00000000ff200000)
  to   space 126464K, 0% used [0x00000000efb00000,0x00000000efb00000,0x00000000f7680000)
 ParOldGen       total 497152K, used 449386K [0x00000000a0000000, 0x00000000be580000, 0x00000000e0000000)
  object space 497152K, 90% used [0x00000000a0000000,0x00000000bb6da880,0x00000000be580000)
 Metaspace       used 320928K, capacity 336838K, committed 336996K, reserved 1343488K
  class space    used 40526K, capacity 43784K, committed 43876K, reserved 1048576K
}
Event: 625.830 GC heap before
{Heap before GC invocations=114 (full 7):
 PSYoungGen      total 381952K, used 271623K [0x00000000e0000000, 0x00000000ff200000, 0x0000000100000000)
  eden space 257024K, 100% used [0x00000000e0000000,0x00000000efb00000,0x00000000efb00000)
  from space 124928K, 11% used [0x00000000f7800000,0x00000000f8641d40,0x00000000ff200000)
  to   space 126464K, 0% used [0x00000000efb00000,0x00000000efb00000,0x00000000f7680000)
 ParOldGen       total 497152K, used 449386K [0x00000000a0000000, 0x00000000be580000, 0x00000000e0000000)
  object space 497152K, 90% used [0x00000000a0000000,0x00000000bb6da880,0x00000000be580000)
 Metaspace       used 321532K, capacity 337626K, committed 337892K, reserved 1343488K
  class space    used 40580K, capacity 43905K, committed 44004K, reserved 1048576K
Event: 625.858 GC heap after
Heap after GC invocations=114 (full 7):
 PSYoungGen      total 383488K, used 36441K [0x00000000e0000000, 0x00000000ff080000, 0x0000000100000000)
  eden space 257024K, 0% used [0x00000000e0000000,0x00000000e0000000,0x00000000efb00000)
  from space 126464K, 28% used [0x00000000efb00000,0x00000000f1e96748,0x00000000f7680000)
  to   space 117760K, 0% used [0x00000000f7d80000,0x00000000f7d80000,0x00000000ff080000)
 ParOldGen       total 497152K, used 449386K [0x00000000a0000000, 0x00000000be580000, 0x00000000e0000000)
  object space 497152K, 90% used [0x00000000a0000000,0x00000000bb6da880,0x00000000be580000)
 Metaspace       used 321532K, capacity 337626K, committed 337892K, reserved 1343488K
  class space    used 40580K, capacity 43905K, committed 44004K, reserved 1048576K
}
Event: 627.370 GC heap before
{Heap before GC invocations=115 (full 7):
 PSYoungGen      total 383488K, used 293465K [0x00000000e0000000, 0x00000000ff080000, 0x0000000100000000)
  eden space 257024K, 100% used [0x00000000e0000000,0x00000000efb00000,0x00000000efb00000)
  from space 126464K, 28% used [0x00000000efb00000,0x00000000f1e96748,0x00000000f7680000)
  to   space 117760K, 0% used [0x00000000f7d80000,0x00000000f7d80000,0x00000000ff080000)
 ParOldGen       total 497152K, used 449386K [0x00000000a0000000, 0x00000000be580000, 0x00000000e0000000)
  object space 497152K, 90% used [0x00000000a0000000,0x00000000bb6da880,0x00000000be580000)
 Metaspace       used 323144K, capacity 339260K, committed 339300K, reserved 1345536K
  class space    used 40789K, capacity 44120K, committed 44132K, reserved 1048576K

