# JRE version: Java(TM) SE Runtime Environment (8.0_131-b11) (build 1.8.0_131-b11)
# Java VM: Java HotSpot(TM) 64-Bit Server VM (25.131-b11 mixed mode windows-amd64 compressed oops)
Heap:
 PSYoungGen      total 367616K, used 132764K [0x00000000e0000000, 0x00000000fc700000, 0x0000000100000000)
  eden space 321536K, 27% used [0x00000000e0000000,0x00000000e5513758,0x00000000f3a00000)
  from space 46080K, 99% used [0x00000000f4600000,0x00000000f7293998,0x00000000f7300000)
  to   space 72192K, 58% used [0x00000000f8080000,0x00000000fa9da220,0x00000000fc700000)
 ParOldGen       total 166912K, used 111225K [0x00000000a0000000, 0x00000000aa300000, 0x00000000e0000000)
  object space 166912K, 66% used [0x00000000a0000000,0x00000000a6c9e7b8,0x00000000aa300000)
 Metaspace       used 162410K, capacity 172672K, committed 172800K, reserved 1198080K
  class space    used 21718K, capacity 23740K, committed 23808K, reserved 1048576K
GC Heap History (10 events):
Event: 7206.876 GC heap after
Heap after GC invocations=26 (full 5):
 PSYoungGen      total 422400K, used 0K [0x00000000e0000000, 0x0000000100000000, 0x0000000100000000)
  eden space 373760K, 0% used [0x00000000e0000000,0x00000000e0000000,0x00000000f6d00000)
  from space 48640K, 0% used [0x00000000f6d00000,0x00000000f6d00000,0x00000000f9c80000)
  to   space 76800K, 0% used [0x00000000fb500000,0x00000000fb500000,0x0000000100000000)
 ParOldGen       total 166912K, used 111185K [0x00000000a0000000, 0x00000000aa300000, 0x00000000e0000000)
  object space 166912K, 66% used [0x00000000a0000000,0x00000000a6c947b8,0x00000000aa300000)
 Metaspace       used 151088K, capacity 158584K, committed 160428K, reserved 1187840K
  class space    used 20338K, capacity 21833K, committed 22272K, reserved 1048576K
}
Event: 13523.383 GC heap before
{Heap before GC invocations=27 (full 5):
 PSYoungGen      total 422400K, used 373760K [0x00000000e0000000, 0x0000000100000000, 0x0000000100000000)
  eden space 373760K, 100% used [0x00000000e0000000,0x00000000f6d00000,0x00000000f6d00000)
  from space 48640K, 0% used [0x00000000f6d00000,0x00000000f6d00000,0x00000000f9c80000)
  to   space 76800K, 0% used [0x00000000fb500000,0x00000000fb500000,0x0000000100000000)
 ParOldGen       total 166912K, used 111185K [0x00000000a0000000, 0x00000000aa300000, 0x00000000e0000000)
  object space 166912K, 66% used [0x00000000a0000000,0x00000000a6c947b8,0x00000000aa300000)
 Metaspace       used 152860K, capacity 161666K, committed 161920K, reserved 1189888K
  class space    used 20589K, capacity 22339K, committed 22400K, reserved 1048576K
Event: 13523.400 GC heap after
Heap after GC invocations=27 (full 5):
 PSYoungGen      total 420864K, used 25157K [0x00000000e0000000, 0x00000000ff080000, 0x0000000100000000)
  eden space 359936K, 0% used [0x00000000e0000000,0x00000000e0000000,0x00000000f5f80000)
  from space 60928K, 41% used [0x00000000fb500000,0x00000000fcd91498,0x00000000ff080000)
  to   space 74240K, 0% used [0x00000000f5f80000,0x00000000f5f80000,0x00000000fa800000)
 ParOldGen       total 166912K, used 111193K [0x00000000a0000000, 0x00000000aa300000, 0x00000000e0000000)
  object space 166912K, 66% used [0x00000000a0000000,0x00000000a6c967b8,0x00000000aa300000)
 Metaspace       used 152860K, capacity 161666K, committed 161920K, reserved 1189888K
  class space    used 20589K, capacity 22339K, committed 22400K, reserved 1048576K
}
Event: 13608.999 GC heap before
{Heap before GC invocations=28 (full 5):
 PSYoungGen      total 420864K, used 385093K [0x00000000e0000000, 0x00000000ff080000, 0x0000000100000000)
  eden space 359936K, 100% used [0x00000000e0000000,0x00000000f5f80000,0x00000000f5f80000)
  from space 60928K, 41% used [0x00000000fb500000,0x00000000fcd91498,0x00000000ff080000)
  to   space 74240K, 0% used [0x00000000f5f80000,0x00000000f5f80000,0x00000000fa800000)
 ParOldGen       total 166912K, used 111193K [0x00000000a0000000, 0x00000000aa300000, 0x00000000e0000000)
  object space 166912K, 66% used [0x00000000a0000000,0x00000000a6c967b8,0x00000000aa300000)
 Metaspace       used 155364K, capacity 165192K, committed 165504K, reserved 1191936K
  class space    used 20918K, capacity 22848K, committed 22912K, reserved 1048576K
Event: 13609.020 GC heap after
Heap after GC invocations=28 (full 5):
 PSYoungGen      total 371200K, used 24153K [0x00000000e0000000, 0x00000000fdd80000, 0x0000000100000000)
  eden space 346624K, 0% used [0x00000000e0000000,0x00000000e0000000,0x00000000f5280000)
  from space 24576K, 98% used [0x00000000f5f80000,0x00000000f7716798,0x00000000f7780000)
  to   space 71168K, 0% used [0x00000000f9800000,0x00000000f9800000,0x00000000fdd80000)
 ParOldGen       total 166912K, used 111201K [0x00000000a0000000, 0x00000000aa300000, 0x00000000e0000000)
  object space 166912K, 66% used [0x00000000a0000000,0x00000000a6c987b8,0x00000000aa300000)
 Metaspace       used 155364K, capacity 165192K, committed 165504K, reserved 1191936K
  class space    used 20918K, capacity 22848K, committed 22912K, reserved 1048576K
}
Event: 13646.852 GC heap before
{Heap before GC invocations=29 (full 5):
 PSYoungGen      total 371200K, used 370777K [0x00000000e0000000, 0x00000000fdd80000, 0x0000000100000000)
  eden space 346624K, 100% used [0x00000000e0000000,0x00000000f5280000,0x00000000f5280000)
  from space 24576K, 98% used [0x00000000f5f80000,0x00000000f7716798,0x00000000f7780000)
  to   space 71168K, 0% used [0x00000000f9800000,0x00000000f9800000,0x00000000fdd80000)
 ParOldGen       total 166912K, used 111201K [0x00000000a0000000, 0x00000000aa300000, 0x00000000e0000000)
  object space 166912K, 66% used [0x00000000a0000000,0x00000000a6c987b8,0x00000000aa300000)
 Metaspace       used 157600K, capacity 167674K, committed 167808K, reserved 1193984K
  class space    used 21146K, capacity 23121K, committed 23168K, reserved 1048576K
Event: 13646.870 GC heap after
Heap after GC invocations=29 (full 5):
 PSYoungGen      total 392192K, used 41860K [0x00000000e0000000, 0x00000000fd100000, 0x0000000100000000)
  eden space 333824K, 0% used [0x00000000e0000000,0x00000000e0000000,0x00000000f4600000)
  from space 58368K, 71% used [0x00000000f9800000,0x00000000fc0e1298,0x00000000fd100000)
  to   space 71168K, 0% used [0x00000000f4600000,0x00000000f4600000,0x00000000f8b80000)
 ParOldGen       total 166912K, used 111209K [0x00000000a0000000, 0x00000000aa300000, 0x00000000e0000000)
  object space 166912K, 66% used [0x00000000a0000000,0x00000000a6c9a7b8,0x00000000aa300000)
 Metaspace       used 157600K, capacity 167674K, committed 167808K, reserved 1193984K
  class space    used 21146K, capacity 23121K, committed 23168K, reserved 1048576K
}
Event: 13648.416 GC heap before
{Heap before GC invocations=30 (full 5):
 PSYoungGen      total 392192K, used 375684K [0x00000000e0000000, 0x00000000fd100000, 0x0000000100000000)
  eden space 333824K, 100% used [0x00000000e0000000,0x00000000f4600000,0x00000000f4600000)
  from space 58368K, 71% used [0x00000000f9800000,0x00000000fc0e1298,0x00000000fd100000)
  to   space 71168K, 0% used [0x00000000f4600000,0x00000000f4600000,0x00000000f8b80000)
 ParOldGen       total 166912K, used 111209K [0x00000000a0000000, 0x00000000aa300000, 0x00000000e0000000)
  object space 166912K, 66% used [0x00000000a0000000,0x00000000a6c9a7b8,0x00000000aa300000)
 Metaspace       used 161347K, capacity 171584K, committed 171904K, reserved 1198080K
  class space    used 21547K, capacity 23564K, committed 23680K, reserved 1048576K
Event: 13648.436 GC heap after
Heap after GC invocations=30 (full 5):
 PSYoungGen      total 367616K, used 45646K [0x00000000e0000000, 0x00000000fc700000, 0x0000000100000000)
  eden space 321536K, 0% used [0x00000000e0000000,0x00000000e0000000,0x00000000f3a00000)
  from space 46080K, 99% used [0x00000000f4600000,0x00000000f7293998,0x00000000f7300000)
  to   space 72192K, 0% used [0x00000000f8080000,0x00000000f8080000,0x00000000fc700000)
 ParOldGen       total 166912K, used 111217K [0x00000000a0000000, 0x00000000aa300000, 0x00000000e0000000)
  object space 166912K, 66% used [0x00000000a0000000,0x00000000a6c9c7b8,0x00000000aa300000)
 Metaspace       used 161347K, capacity 171584K, committed 171904K, reserved 1198080K
  class space    used 21547K, capacity 23564K, committed 23680K, reserved 1048576K
}
Event: 13649.845 GC heap before
{Heap before GC invocations=31 (full 5):
 PSYoungGen      total 367616K, used 132764K [0x00000000e0000000, 0x00000000fc700000, 0x0000000100000000)
  eden space 321536K, 27% used [0x00000000e0000000,0x00000000e5513758,0x00000000f3a00000)
  from space 46080K, 99% used [0x00000000f4600000,0x00000000f7293998,0x00000000f7300000)
  to   space 72192K, 0% used [0x00000000f8080000,0x00000000f8080000,0x00000000fc700000)
 ParOldGen       total 166912K, used 111217K [0x00000000a0000000, 0x00000000aa300000, 0x00000000e0000000)
  object space 166912K, 66% used [0x00000000a0000000,0x00000000a6c9c7b8,0x00000000aa300000)
 Metaspace       used 162410K, capacity 172672K, committed 172800K, reserved 1198080K
  class space    used 21718K, capacity 23740K, committed 23808K, reserved 1048576K

